2024-08-16 14:20:32,523 - INFO - Start running, host: vscode@fba70968c86f, work_dir: /workspace/CenterPoint/work_dirs/nusc_centerpoint_voxelnet_0075voxel_fix_bn_z
2024-08-16 14:20:32,523 - INFO - workflow: [('train', 1)], max: 20 epochs
2024-08-16 14:21:07,189 - INFO - Epoch [1/20][5/30895]	lr: 0.00010, eta: 49 days, 13:57:13, time: 6.933, data_time: 4.297, transfer_time: 0.063, forward_time: 0.475, loss_parse_time: 0.000 memory: 6837, 
2024-08-16 14:21:07,190 - INFO - task : ['car'], loss: 19.5816, hm_loss: 12.6330, loc_loss: 27.7944, loc_loss_elem: ['2.7208', '5.2690', '4.6141', '2.2886', '2.4680', '2.3980', '4.4368', '4.1207', '2.7170', '3.6075'], num_positive: 42.6000
2024-08-16 14:21:07,190 - INFO - task : ['truck', 'construction_vehicle'], loss: 26.4078, hm_loss: 17.0524, loc_loss: 37.4217, loc_loss_elem: ['5.0967', '3.8672', '6.3959', '4.1861', '3.8586', '3.7473', '3.7398', '5.8009', '4.2038', '4.1579'], num_positive: 31.8000
2024-08-16 14:21:07,191 - INFO - task : ['bus', 'trailer'], loss: 35.5327, hm_loss: 27.3603, loc_loss: 32.6896, loc_loss_elem: ['6.5485', '3.0653', '5.0068', '3.0047', '2.9579', '2.6284', '2.9403', '2.9712', '4.1617', '4.1340'], num_positive: 20.2000
2024-08-16 14:21:07,191 - INFO - task : ['barrier'], loss: 35.4307, hm_loss: 24.0981, loc_loss: 45.3302, loc_loss_elem: ['4.9288', '5.7142', '11.6175', '3.1132', '3.4263', '6.3731', '3.5123', '6.6348', '3.5629', '4.5648'], num_positive: 16.8000
2024-08-16 14:21:07,191 - INFO - task : ['motorcycle', 'bicycle'], loss: 45.8058, hm_loss: 30.8758, loc_loss: 59.7202, loc_loss_elem: ['9.8592', '6.0064', '8.2633', '7.5256', '7.2342', '3.6836', '4.8027', '7.2135', '9.9594', '4.7853'], num_positive: 41.0000
2024-08-16 14:21:07,191 - INFO - task : ['pedestrian', 'traffic_cone'], loss: 41.9263, hm_loss: 32.3595, loc_loss: 38.2671, loc_loss_elem: ['2.8610', '3.3965', '6.3219', '3.0057', '4.3958', '3.1506', '5.1903', '5.1151', '7.4318', '5.6426'], num_positive: 22.8000

2024-08-16 14:21:11,783 - INFO - Epoch [1/20][10/30895]	lr: 0.00010, eta: 28 days, 1:48:33, time: 0.919, data_time: 0.648, transfer_time: 0.018, forward_time: 0.085, loss_parse_time: 0.000 memory: 6837, 
2024-08-16 14:21:11,783 - INFO - task : ['car'], loss: 14.0678, hm_loss: 8.4818, loc_loss: 22.3439, loc_loss_elem: ['2.3671', '3.7028', '3.6350', '1.6797', '2.4605', '1.6576', '3.0716', '4.2717', '2.5391', '2.8334'], num_positive: 37.0000
2024-08-16 14:21:11,783 - INFO - task : ['truck', 'construction_vehicle'], loss: 16.3959, hm_loss: 10.0391, loc_loss: 25.4272, loc_loss_elem: ['3.6864', '3.0437', '4.6310', '2.0071', '2.8377', '2.6543', '2.6233', '3.4594', '2.1847', '3.1657'], num_positive: 35.8000
2024-08-16 14:21:11,783 - INFO - task : ['bus', 'trailer'], loss: 20.1860, hm_loss: 14.5231, loc_loss: 22.6515, loc_loss_elem: ['3.8729', '2.4497', '3.6685', '2.0234', '4.1741', '1.9057', '2.8075', '2.2169', '1.6567', '1.8957'], num_positive: 22.2000
2024-08-16 14:21:11,784 - INFO - task : ['barrier'], loss: 23.9921, hm_loss: 13.2529, loc_loss: 42.9565, loc_loss_elem: ['6.7123', '4.8418', '6.7727', '4.2582', '3.0531', '5.3647', '4.4730', '6.9298', '6.0427', '3.6305'], num_positive: 19.4000
2024-08-16 14:21:11,784 - INFO - task : ['motorcycle', 'bicycle'], loss: 18.9741, hm_loss: 10.0721, loc_loss: 35.6079, loc_loss_elem: ['5.9593', '3.9810', '4.5838', '4.8430', '4.0691', '2.6530', '3.3024', '4.1941', '4.9356', '3.0839'], num_positive: 41.6000
2024-08-16 14:21:11,784 - INFO - task : ['pedestrian', 'traffic_cone'], loss: 22.4080, hm_loss: 11.3944, loc_loss: 44.0542, loc_loss_elem: ['3.4668', '4.4385', '6.2873', '4.3806', '4.5297', '3.2088', '5.5339', '5.0442', '8.9240', '6.7029'], num_positive: 34.0000

2024-08-16 14:21:29,223 - INFO - Epoch [1/20][15/30895]	lr: 0.00010, eta: 27 days, 0:45:53, time: 3.488, data_time: 3.213, transfer_time: 0.017, forward_time: 0.085, loss_parse_time: 0.000 memory: 6993, 
2024-08-16 14:21:29,223 - INFO - task : ['car'], loss: 15.2894, hm_loss: 9.4319, loc_loss: 23.4300, loc_loss_elem: ['2.4222', '3.1298', '3.7482', '1.7752', '2.5322', '1.8055', '4.4041', '4.0287', '2.7862', '3.5441'], num_positive: 30.8000
2024-08-16 14:21:29,223 - INFO - task : ['truck', 'construction_vehicle'], loss: 17.4107, hm_loss: 10.1414, loc_loss: 29.0773, loc_loss_elem: ['3.7678', '3.5489', '6.1648', '2.9008', '2.4451', '2.8677', '2.7339', '3.8531', '2.8115', '3.2531'], num_positive: 32.6000
2024-08-16 14:21:29,223 - INFO - task : ['bus', 'trailer'], loss: 16.1339, hm_loss: 11.6822, loc_loss: 17.8069, loc_loss_elem: ['2.7368', '1.4893', '3.5124', '1.3745', '2.2568', '1.6505', '1.9035', '2.1260', '1.6689', '2.3118'], num_positive: 25.2000
2024-08-16 14:21:29,223 - INFO - task : ['barrier'], loss: 16.0481, hm_loss: 7.1756, loc_loss: 35.4902, loc_loss_elem: ['6.8029', '4.7462', '5.8160', '3.2297', '1.7640', '3.9829', '3.8121', '7.2841', '3.7078', '3.2214'], num_positive: 35.2000
2024-08-16 14:21:29,223 - INFO - task : ['motorcycle', 'bicycle'], loss: 15.7527, hm_loss: 9.2518, loc_loss: 26.0037, loc_loss_elem: ['4.1363', '3.1541', '3.5637', '3.2753', '2.5975', '1.6726', '3.0739', '4.6172', '3.3237', '2.7423'], num_positive: 42.0000
2024-08-16 14:21:29,223 - INFO - task : ['pedestrian', 'traffic_cone'], loss: 15.7558, hm_loss: 10.0789, loc_loss: 22.7076, loc_loss_elem: ['2.0267', '2.2720', '4.0710', '2.3409', '2.5064', '1.7637', '2.9306', '2.3367', '2.9562', '3.7173'], num_positive: 39.0000

2024-08-16 14:21:42,348 - INFO - Epoch [1/20][20/30895]	lr: 0.00010, eta: 24 days, 23:12:12, time: 2.625, data_time: 2.345, transfer_time: 0.019, forward_time: 0.086, loss_parse_time: 0.000 memory: 6993, 
2024-08-16 14:21:42,349 - INFO - task : ['car'], loss: 10.4672, hm_loss: 5.8692, loc_loss: 18.3919, loc_loss_elem: ['2.2124', '2.0811', '3.8490', '1.4607', '1.8220', '1.6528', '3.0520', '2.8897', '1.6855', '2.4400'], num_positive: 43.0000
2024-08-16 14:21:42,349 - INFO - task : ['truck', 'construction_vehicle'], loss: 14.1641, hm_loss: 9.4574, loc_loss: 18.8268, loc_loss_elem: ['1.9484', '2.3665', '3.5578', '1.6249', '1.9377', '1.7074', '2.3213', '3.3445', '2.3702', '2.1809'], num_positive: 29.2000
2024-08-16 14:21:42,349 - INFO - task : ['bus', 'trailer'], loss: 13.9845, hm_loss: 10.5156, loc_loss: 13.8755, loc_loss_elem: ['2.0952', '1.5211', '2.9516', '0.9846', '1.9400', '1.1088', '2.1517', '1.7022', '1.1021', '1.4013'], num_positive: 23.8000
2024-08-16 14:21:42,349 - INFO - task : ['barrier'], loss: 17.0429, hm_loss: 10.6126, loc_loss: 25.7210, loc_loss_elem: ['2.7534', '3.3327', '6.0200', '2.0744', '2.3033', '2.6636', '2.6016', '3.6558', '2.3919', '2.9300'], num_positive: 15.8000
2024-08-16 14:21:42,349 - INFO - task : ['motorcycle', 'bicycle'], loss: 16.2935, hm_loss: 8.4085, loc_loss: 31.5398, loc_loss_elem: ['6.4459', '3.8079', '3.7249', '3.3690', '2.9626', '2.7482', '3.1343', '4.1800', '4.1037', '2.9148'], num_positive: 41.6000
2024-08-16 14:21:42,349 - INFO - task : ['pedestrian', 'traffic_cone'], loss: 15.3569, hm_loss: 9.2613, loc_loss: 24.3824, loc_loss_elem: ['2.1515', '2.7092', '4.3949', '2.2530', '3.1475', '1.7221', '3.9017', '3.2928', '3.1889', '3.3764'], num_positive: 32.6000

2024-08-16 14:21:54,615 - INFO - Epoch [1/20][25/30895]	lr: 0.00010, eta: 23 days, 11:34:25, time: 2.453, data_time: 2.166, transfer_time: 0.027, forward_time: 0.093, loss_parse_time: 0.000 memory: 6993, 
2024-08-16 14:21:54,615 - INFO - task : ['car'], loss: 8.8994, hm_loss: 4.7103, loc_loss: 16.7565, loc_loss_elem: ['1.6349', '2.0753', '3.4704', '1.2177', '1.4189', '1.4911', '2.9686', '2.8246', '2.2775', '2.0120'], num_positive: 56.8000
2024-08-16 14:21:54,615 - INFO - task : ['truck', 'construction_vehicle'], loss: 12.6789, hm_loss: 8.0160, loc_loss: 18.6518, loc_loss_elem: ['2.2794', '1.9730', '3.4470', '1.8569', '2.0341', '1.7845', '2.2117', '2.6743', '2.2204', '2.0793'], num_positive: 29.6000
2024-08-16 14:21:54,615 - INFO - task : ['bus', 'trailer'], loss: 11.8937, hm_loss: 8.4992, loc_loss: 13.5780, loc_loss_elem: ['2.2574', '1.5549', '2.1174', '0.8289', '1.6795', '1.2984', '1.6906', '1.9361', '1.5604', '1.5557'], num_positive: 24.4000
2024-08-16 14:21:54,615 - INFO - task : ['barrier'], loss: 12.0543, hm_loss: 7.7333, loc_loss: 17.2842, loc_loss_elem: ['2.5120', '1.7423', '2.4721', '1.1522', '2.7728', '2.3190', '1.9799', '2.0790', '1.9291', '1.5731'], num_positive: 19.8000
2024-08-16 14:21:54,615 - INFO - task : ['motorcycle', 'bicycle'], loss: 11.5479, hm_loss: 7.3297, loc_loss: 16.8726, loc_loss_elem: ['2.2187', '2.2776', '2.8424', '1.3742', '1.8222', '1.0819', '2.1088', '3.0616', '1.8793', '2.3420'], num_positive: 40.0000
2024-08-16 14:21:54,615 - INFO - task : ['pedestrian', 'traffic_cone'], loss: 10.9976, hm_loss: 7.5533, loc_loss: 13.7771, loc_loss_elem: ['1.3700', '1.6702', '2.8208', '1.4062', '1.1683', '1.0073', '2.0125', '1.9214', '1.6174', '1.9301'], num_positive: 38.4000

2024-08-16 14:21:57,397 - INFO - Epoch [1/20][30/30895]	lr: 0.00010, eta: 20 days, 5:33:26, time: 0.556, data_time: 0.270, transfer_time: 0.013, forward_time: 0.092, loss_parse_time: 0.000 memory: 6993, 
2024-08-16 14:21:57,397 - INFO - task : ['car'], loss: 8.2980, hm_loss: 4.7857, loc_loss: 14.0490, loc_loss_elem: ['1.4754', '1.4227', '3.1087', '1.0972', '1.2163', '1.3177', '2.4716', '2.5148', '1.5992', '1.8144'], num_positive: 41.2000
2024-08-16 14:21:57,397 - INFO - task : ['truck', 'construction_vehicle'], loss: 8.8836, hm_loss: 5.6805, loc_loss: 12.8124, loc_loss_elem: ['1.3440', '1.4427', '2.4790', '1.3864', '0.9490', '1.2613', '1.2266', '2.2844', '1.5543', '1.6934'], num_positive: 36.0000
2024-08-16 14:21:57,397 - INFO - task : ['bus', 'trailer'], loss: 9.5264, hm_loss: 6.7677, loc_loss: 11.0347, loc_loss_elem: ['1.9911', '1.2276', '1.8073', '0.6818', '1.0394', '0.8828', '1.9275', '2.0205', '1.2087', '1.4065'], num_positive: 25.0000
2024-08-16 14:21:57,398 - INFO - task : ['barrier'], loss: 11.6043, hm_loss: 5.9843, loc_loss: 22.4803, loc_loss_elem: ['2.6407', '2.6094', '4.2342', '1.6022', '2.5368', '2.0892', '1.9976', '3.2127', '3.0609', '2.6648'], num_positive: 42.2000
2024-08-16 14:21:57,398 - INFO - task : ['motorcycle', 'bicycle'], loss: 10.5908, hm_loss: 6.3274, loc_loss: 17.0538, loc_loss_elem: ['2.4641', '1.9776', '2.7085', '1.4694', '1.8499', '1.1311', '2.3973', '3.1741', '2.1174', '2.2215'], num_positive: 40.6000
2024-08-16 14:21:57,398 - INFO - task : ['pedestrian', 'traffic_cone'], loss: 8.7019, hm_loss: 5.1097, loc_loss: 14.3689, loc_loss_elem: ['1.6144', '1.8643', '2.8509', '1.1286', '1.6763', '1.1531', '2.3740', '2.3190', '1.4206', '1.7222'], num_positive: 46.8000

2024-08-16 14:22:10,356 - INFO - Epoch [1/20][35/30895]	lr: 0.00010, eta: 19 days, 23:43:58, time: 2.592, data_time: 2.313, transfer_time: 0.025, forward_time: 0.080, loss_parse_time: 0.000 memory: 6993, 
2024-08-16 14:22:10,356 - INFO - task : ['car'], loss: 7.3079, hm_loss: 4.7188, loc_loss: 10.3562, loc_loss_elem: ['0.9389', '1.0709', '2.2892', '0.7629', '0.9726', '0.6281', '1.7322', '2.2034', '1.5823', '1.3242'], num_positive: 42.8000
2024-08-16 14:22:10,356 - INFO - task : ['truck', 'construction_vehicle'], loss: 6.6318, hm_loss: 4.7979, loc_loss: 7.3356, loc_loss_elem: ['0.7747', '0.6890', '1.8282', '0.5569', '0.7001', '0.6285', '0.8911', '1.2178', '0.8274', '0.9091'], num_positive: 32.8000
2024-08-16 14:22:10,356 - INFO - task : ['bus', 'trailer'], loss: 10.2983, hm_loss: 5.6965, loc_loss: 18.4071, loc_loss_elem: ['2.6326', '2.9617', '3.2423', '1.0439', '1.4673', '2.0057', '2.3378', '2.3420', '1.8093', '2.3084'], num_positive: 25.8000
2024-08-16 14:22:10,357 - INFO - task : ['barrier'], loss: 7.5141, hm_loss: 5.2583, loc_loss: 9.0230, loc_loss_elem: ['1.2655', '1.0167', '1.7736', '0.6735', '0.8993', '0.5418', '1.2205', '1.2390', '1.2713', '1.0895'], num_positive: 28.8000
2024-08-16 14:22:10,357 - INFO - task : ['motorcycle', 'bicycle'], loss: 8.4859, hm_loss: 5.4330, loc_loss: 12.2115, loc_loss_elem: ['1.3374', '1.5122', '2.0706', '1.5528', '0.9599', '1.1319', '1.4599', '1.7738', '1.5231', '1.4768'], num_positive: 40.6000
2024-08-16 14:22:10,357 - INFO - task : ['pedestrian', 'traffic_cone'], loss: 9.0769, hm_loss: 4.9632, loc_loss: 16.4551, loc_loss_elem: ['1.5094', '1.6371', '2.6489', '1.3111', '1.1456', '1.6050', '3.1445', '1.9048', '3.5015', '2.0865'], num_positive: 39.6000

